<?xml version="1.0" encoding="UTF-8"?>
<!-- Generated by org.testng.reporters.JUnitReportReporter -->
<testsuite hostname="Charlies-MacBook-Pro.local" name="test.PredictivePrototypeTest" tests="2" failures="0" timestamp="28 Feb 2014 15:42:18 GMT" time="1.250" errors="0">
  <testcase name="signatureToWordsTest" time="1.249" classname="test.PredictivePrototypeTest"/>
  <testcase name="wordToSignatureTest" time="0.001" classname="test.PredictivePrototypeTest"/>
</testsuite> <!-- test.PredictivePrototypeTest -->
